[   .00000 Itiliing cgupubys cus
  0.00] itialiincgup sbs c
[    0.000000] Initializing cgroup subsys cpuacct
[    0.000000] Linux version 4.4.0-210-generic (buildd@lgw01-amd64-009) (gcc version 5.4.0 20160609 (Ubuntu 5.4.0-6ubuntu1~16.04.12) ) #242-Ubuntu SMP Fri Apr 16 09:57:56 UTC 2021 (Ubuntu 4.4.0-210.242-generic 4.4.262)
[    0.000000] Command line: BOOT_IMAGE=/boot/vmlinuz-4.4.0-210-generic root=LABEL=cloudimg-rootfs ro console=tty1 console=ttyS0
[    0.000000] KERNEL supported cpus:
[    0.000000]   Intel GenuineIntel
[    0.000000]   AMD AuthenticAMD
[    0.000000]   Centaur CentaurHauls
[    0.000000] x86/fpu: xstate_offset[2]:  576, xstate_sizes[2]:  256
[    0.000000] x86/fpu: Supporting XSAVE feature 0x01: 'x87 floating point registers'
[    0.000000] x86/fpu: Supporting XSAVE feature 0x02: 'SSE registers'
[    0.000000] x86/fpu: Supporting XSAVE feature 0x04: 'AVX registers'
[    0.000000] x86/fpu: Enabled xstate features 0x7, context size is 832 bytes, using ''standard' format.
[    0.000000] e820: BIOS-provided physical RAM map:
[    0.000000] BIOS-e820: [mem 0x0000000000000000-0x000000000009fbff] usable
[    0.000000] BIOS-e820: [mem 0x000000000009fc00-0x000000000009ffff] reserved
[    0.000000] BIOS-e820: [mem 0x00000000000f0000-0x00000000000fffff] reserved
[    0.000000] BIOS-e820: [mem 0x0000000000100000-0x000000003ffeffff] usable
[    0.000000] BIOS-e820: [mem 0x000000003fff0000-0x000000003fffffff] ACPI data
[    0.000000] BIOS-e820: [mem 0x00000000fec00000-0x00000000fec00fff] reserved
[    0.000000] BIOS-e820: [mem 0x00000000fee00000-0x00000000fee00fff] reserved
[    0.000000] BIOS-e820: [mem 0x00000000fffc0000-0x00000000ffffffff] reserved
[    0.000000] NX (Execute Disable) protection: active
[    0.000000] SMBIOS 2.5 present.
[    0.000000] Hypervisor detected: KVM
[    0.000000] e820: last_pfn = 0x3fff0 max_arch_pfn = 0x400000000
[    0.000000] MTRR: Disabled
[    0.000000] x86/PAT: MTRRs disabled, skipping PAT initialization too.[   0.00] PU MRsllblan- rtaliz ste
[  0000] x86ATCofiguti [7]:     - UCWBWTUC- UC
  0.0000 fndSMP -tlet [m 000ff0-0x09ff mapd  [ff880009f0
[  0000] Scain1 areas for low memory corruption
[    0.000000] RAMDISK: [mem 0x362dc000-0x37165fff]
[    0.000000] ACPI: Early table checksum verification disabled
[    0.000000] ACPI: RSDP 0x00000000000E0000 000024 (v02 VBOX  )
[    0.000000] ACPI: XSDT 0x000000003FFF0030 00003C (v01 VBOX   VBOXXSDT 00000001 ASL  00000061)
[    0.000000] ACPI: FACP 0x000000003FFF00F0 0000F4 (v04 VBOX   VBOXFACP 00000001 ASL  00000061)
[    0.000000] ACPI: DSDT 0x000000003FFF0470 0021FF (v02 VBOX   VBOXBIOS 00000002 INTL 20180105)
[    0.000000] ACPI: FACS 0x000000003FFF0200 000040
[    0.000000] ACPI: FACS 0x000000003FFF0200 000040
[    0.000000] ACPI: APIC 0x000000003FFF0240 00005C (v02 VBOX   VBOXAPIC 00000001 ASL  00000061)
[    0.000000] ACPI: SSDT 0x000000003FFF02A0 0001CC (v01 VBOX   VBOXCPUT 00000002 INTL 20180105)
[    0.000000] No NUMA configuration found
[    0.000000] Faking a node at [mem 0x0000000000000000-0x000000003ffeffff]
[    0.000000] NODE_DATA(0) allocated [mem 0x3ffeb000-0x3ffeffff]
[    0.000000] kvm-clock: Using msrs 4b564d01 and 4b564d00
[    0.000000] kvm-clock: cpu 0, msr 0:3ffe3001, primary cpu clock
[    0.000000] kvm-clock: using sched offset of 3874785065 cycles
[    0.000000] clocksource: kvm-clock: mask: 0xffffffffffffffff max_cycles: 0x1cd42e4dffb, max_idle_ns: 881590591483 ns
[    0.000000] Zone ranges:
[    0.000000]   DMA      [mem 0x0000000000001000-0x0000000000ffffff]
[    0.000000]   DMA32    [mem 0x0000000001000000-0x000000003ffeffff]
[    0.000000]   Normal   empty
[    0.000000]   Device   empty
[    0.000000] Movable zone start for each node
[    0.000000] Early memory node ranges
[    0.000000]   node   0: [mem 0x0000000000001000-0x000000000009efff]
[    0.000000]   node   0: [mem 0x0000000000100000-0x000000003ffeffff]
[    0.000000] Initmem setup node 0 [mem 0x0000000000001000-0x000000003ffeffff]
[    0.000000] ACPI: PM-Timer IO Port: 0x4008
[    0.000000] IOAPIC[0]: apic_id 2, version 32, address 0xfec00000, GSI 0-23
[    0.000000] ACPI: INT_SRC_OVR (bus 0 bus_irq 0 global_irq 2 dfl dfl)
[    0.000000] ACPI: INT_SRC_OVR (bus 0 bus_irq 9 global_irq 9 low level)
[    0.000000] Using ACPI (MADT) for SMP configuration information
[    0.000000] smpboot: Allowing 2 CPUs, 0 hotplug CPUs
[    0.000000] PM: Registered nosave memory: [mem 0x00000000-0x00000fff]
[    0.000000] PM: Registered nosave memory: [mem 0x0009f000-0x0009ffff]
[    0.000000] PM: Registered nosave memory: [mem 0x000a0000-0x000effff]
[    0.000000] PM: Registered nosave memory: [mem 0x000f0000-0x000fffff]
[    0.000000] e820: [mem 0x40000000-0xfebfffff] available for PCI devices
[    0.000000] Booting paravirtualized kernel on KVM
[    0.000000] clocksource: refined-jiffies: mask: 0xffffffff max_cycles: 0xffffffff, max_idle_ns: 7645519600211568 ns
[    0.000000] setup_percpu: NR_CPUS:512 nr_cpumask_bits:512 nr_cpu_ids:2 nr_node_ids:1
[    0.000000] PERCPU: Embedded 33 pages/cpu @ffff88003fc00000 s95192 r8192 d31784 u1048576
[    0.000000] Built 1 zonelists in Node order, mobility grouping on.  Total pages: 257912
[    0.000000] Policy zone: DMA32
[    0.000000] Kernel command line: BOOT_IMAGE=/boot/vmlinuz-4.4.0-210-generic root=LABEL=cloudimg-rootfs ro console=tty1 console=ttyS0
[    0.000000] PID hash table entries: 4096 (order: 3, 32768 bytes)
[    0.000000] Memory: 997792K/1048120K available (8644K kernel code, 1332K rwdata, 4044K rodata, 1492K init, 1164K bss, 50328K reserved, 0K cma-reserved)
[    0.000000] SLUB: HWalign=64, Order=0-3, MinObjects=0, CPUs=2, Nodes=1
[    0.000000] Kernel/User page tables isolation: enabled
[    0.000000] Hierarchical RCU implementation.
[    0.000000] 	Build-time adjustment of leaf fanout to 64.
[    0.000000] 	RCU restricting CPUs from NR_CPUS=512 to nr_cpu_ids=2.
[    0.000000] RCU: Adjusting geometry for rcu_fanout_leaf=64, nr_cpu_ids=2
[    0.000000] NR_IRQS:33024 nr_irqs:440 16
[    0.000000] Console: colour VGA+ 80x25
[    0.000000] console [tty1] enabled
[    0.000000] console [ttyS0] enabled
[    0.000000] tsc: Detected 2903.998 MHz processor
[    1.477579] Calibrating delay loop (skipped) preset value.. 5807.99 BogoMIPS (lpj=11615992)
[    1.479253] pid_max: default: 32768 minimum: 301
[    1.480192] ACPI: Core revision 20150930
[    1.481892] ACPI: 2 ACPI AML tables successfully acquired and loaded
[    1.482894] Security Framework initialized
[    1.483532] Yama: becoming mindful.
[    1.484115] AppArmor: AppArmor initialized
[    1.484831] Dentry cache hash table entries: 131072 (order: 8, 1048576 bytes)
[    1.486318] Inode-cache hash table entries: 65536 (order: 7, 524288 bytes)
[    1.487235] Mount-cache hash table entries: 2048 (order: 2, 16384 bytes)
[    1.488063] Mountpoint-cache hash table entries: 2048 (order: 2, 16384 bytes)
[    1.489091] Initializing cgroup subsys io
[    1.489663] Initializing cgroup subsys memory
[    1.490263] Initializing cgroup subsys devices
[    1.490987] Initializing cgroup subsys freezer
[    1.618092] Initializing cgroup subsys net_cls
[    1.747645] Initializing cgroup subsys perf_event
[    1.883910] Initializing cgroup subsys net_prio
[    2.014827] Initializing cgroup subsys hugetlb
[    2.143639] Initializing cgroup subsys pids
[    2.274796] mce: CPU supports 0 MCE banks
[    2.390098] Last level iTLB entries: 4KB 64, 2MB 8, 4MB 8
[    2.526412] Last level dTLB entries: 4KB 64, 2MB 0, 4MB 0, 1GB 4
[    2.527376] Spectre V1 : Mitigation: usercopy/swapgs barriers and __user pointer sanitization
[    2.529050] Spectre V2 : Mitigation: Full generic retpoline
[    2.530019] Spectre V2 : Spectre v2 / SpectreRSB mitigation: Filling RSB on context switch
[    2.531553] Speculative Store Bypass: Vulnerable
[    2.532419] SRBDS: Unknown: Dependent on hypervisor status
[    2.533582] MDS: Mitigation: Clear CPU buffers
[    2.536605] Freeing SMP alternatives memory: 36K
[    2.544209] ftrace: allocating 32380 entries in 127 pages
[    2.580818] smpboot: APIC(0) Converting physical 0 to logical package 0
[    2.770499] smpboot: Max logical packages: 1
[    2.900110] x2apic enabled
[    2.976294] Switched APIC routing to physical x2apic.
[    3.119685] ..TIMER: vector=0x30 apic1=0 pin1=2 apic2=-1 pin2=-1
[    3.410387] smpboot: CPU0: Intel(R) Core(TM) i9-8950HK CPU @ 2.90GHz (family: 0x6, model: 0x9e, stepping: 0xa)
[    3.558534] Performance Events: unsupported p6 CPU model 158 no PMU driver, software events only.
[    3.604298] KVM setup paravirtual spinlock
[    3.606102] x86: Booting SMP configuration:
[    3.606900] .... node  #0, CPUs:      #1
[    3.607719] kvm-clock: cpu 1, msr 0:3ffe3041, secondary cpu clock
[    3.623081] mce: CPU supports 0 MCE banks
[    3.779168] x86: Booted up 1 node, 2 CPUs
[    3.897423] smpboot: Total of 2 processors activated (11615.99 BogoMIPS)
[    4.094837] devtmpfs: initialized
[    4.177469] evm: security.selinux
[    4.274925] evm: security.SMACK64
[    4.372267] evm: security.SMACK64EXEC
[    4.479283] evm: security.SMACK64TRANSMUTE
[    4.598181] evm: security.SMACK64MMAP
[    4.659083] evm: security.ima
[    4.659605] evm: security.capability
[    4.660359] clocksource: jiffies: mask: 0xffffffff max_cycles: 0xffffffff, max_idle_ns: 7645041785100000 ns
[    4.661782] futex hash table entries: 512 (order: 3, 32768 bytes)
[    4.662734] pinctrl core: initialized pinctrl subsystem
[    4.663640] RTC time: 20:41:19, date: 11/18/21
[    4.672875] NET: Registered protocol family 16
[    4.683743] cpuidle: using governor ladder
[    4.696379] cpuidle: using governor menu
[    4.814820] PCCT header not found.
[    4.905553] ACPI: bus type PCI registered
[    5.025375] acpiphp: ACPI Hot Plug PCI Controller Driver version: 0.5
[    5.218766] PCI: Using configuration type 1 for base access
[    5.392319] ACPI: Added _OSI(Module Device)
[    5.525635] ACPI: Added _OSI(Processor Device)
[    5.666903] ACPI: Added _OSI(3.0 _SCP Extensions)
[    5.718147] ACPI: Added _OSI(Processor Aggregator Device)
[    5.725356] ACPI: Executed 1 blocks of module-level executable AML code
[    5.728405] ACPI: Interpreter enabled
[    5.729130] ACPI: (supports S0 S5)
[    5.729780] ACPI: Using IOAPIC for interrupt routing
[    5.730799] PCI: Using host bridge windows from ACPI; if necessary, use "pci=nocrs" and report a bug
[    5.735508] ACPI: PCI Root Bridge [PCI0] (domain 0000 [bus 00-ff])
[    5.744643] acpi PNP0A03:00: _OSC: OS supports [ASPM ClockPM Segments MSI]
[    5.745485] acpi PNP0A03:00: _OSC: not requesting OS control; OS requires [ExtendedConfig ASPM ClockPM MSI]
[    6.024866] acpi PNP0A03:00: fail to add MMCONFIG information, can't access extended PCI configuration space under this bridge.
[    6.373754] PCI host bridge to bus 0000:00
[    6.494245] pci_bus 0000:00: root bus resource [io  0x0000-0x0cf7 window]
[    6.683419] pci_bus 0000:00: root bus resource [io  0x0d00-0xffff window]
[    6.766118] pci_bus 0000:00: root bus resource [mem 0x000a0000-0x000bffff window]
[    6.767124] pci_bus 0000:00: root bus resource [mem 0x40000000-0xfdffffff window]
[    6.768259] pci_bus 0000:00: root bus resource [bus 00-ff]
[    6.770396] pci 0000:00:01.1: legacy IDE quirk: reg 0x10: [io  0x01f0-0x01f7]
[    6.787094] pci 0000:00:01.1: legacy IDE quirk: reg 0x14: [io  0x03f6]
[    6.789068] pci 0000:00:01.1: legacy IDE quirk: reg 0x18: [io  0x0170-0x0177]
[    6.800505] pci 0000:00:01.1: legacy IDE quirk: reg 0x1c: [io  0x0376]
[    6.814175] pci 0000:00:07.0: quirk: [io  0x4000-0x403f] claimed by PIIX4 ACPI
[    7.030880] pci 0000:00:07.0: quirk: [io  0x4100-0x410f] claimed by PIIX4 SMB
[    7.216654] ACPI: PCI Interrupt Link [LNKA] (IRQs 5 9 10 *11)
[    7.356845] ACPI: PCI Interrupt Link [LNKB] (IRQs 5 9 *10 11)
[    7.477723] ACPI: PCI Interrupt Link [LNKC] (IRQs 5 *9 10 11)
[    7.620922] ACPI: PCI Interrupt Link [LNKD] (IRQs 5 9 10 *11)
[    7.750906] ACPI: Enabled 2 GPEs in block 00 to 07
[    7.848029] vgaarb: setting as boot device: PCI:0000:00:02.0
[    7.849268] vgaarb: device added: PCI:0000:00:02.0,decodes=io+mem,owns=io+mem,locks=none
[    7.850725] vgaarb: loaded
[    7.851385] vgaarb: bridge control possible 0000:00:02.0
[    7.852706] SCSI subsystem initialized
[    7.853472] ACPI: bus type USB registered
[    7.854192] usbcore: registered new interface driver usbfs
[    7.855094] usbcore: registered new interface driver hub
[    7.855966] usbcore: registered new device driver usb
[    7.857438] PCI: Using ACPI for IRQ routing
[    7.858464] NetLabel: Initializing
[    7.859142] NetLabel:  domain hash size = 128
[    7.859882] NetLabel:  protocols = UNLABELED CIPSOv4
[    7.860738] NetLabel:  unlabeled traffic allowed by default
[    7.861734] amd_nb: Cannot enumerate AMD northbridges
[    7.862655] clocksource: Switched to clocksource kvm-clock
[    7.868954] AppArmor: pAorilystem Enabled
[  8764]npPnAC it  8.21] p:nPCP fnd dic
[   889966889] cookkoource: app__pm  aakk  0xffffffmmxx_cccee:: 0xfffff,,mmax_ill__ss: 2887711224 ss

[   997733104]NNTT  eegisteredpprotocol family 2
[    9.953191] TCP established hash table entries: 8192 (order: 4, 65536 bytes)
[    9.954876] TCP bind hash table entries: 8192 (order: 5, 131072 bytes)
[    9.956279] TCP: Hash tables configured (established 8192 bind 8192)
[    9.957112] UDP hash table entries: 512 (order: 2, 16384 bytes)
[    9.957996] UDP-Lite hash table entries: 512 (order: 2, 16384 bytes)
[    9.959154] NET: Registered protocol family 1
[    9.959818] pci 0000:00:00.0: Limiting direct PCI/PCI transfers
[    9.966075] pci 0000:00:01.0: Activating ISA DMA hang workarounds
[    9.967055] Unpacking initramfs...
[   001166990]FFeeiigg initrd memory: 14888K
[   10.316611] clccssuurc:: tcc  aask  0xffffffffffffffff mxxccccle::0022ddc0ccbbbb  ma__idle_ns: 440795205215 ns
[   11.016113] platform rtc_cmos: registered platform RTC device (no PNP device found)
[   11.017472] Scanning for low memory corruption every 60 seconds
[   11.018750] audit: initializing netlink subsys (disabled)
[   11.019703] audit: type=2000 audit(1637268084.348:1): initialized
[   11.021281] Initialise system trusted keyring
[   11.022208] HugeTLB registered 2 MB page size, pre-allocated 0 pages
[   11.024353] zbud:llaade
[   111133144] VFS: Disk quotas dquot_6.6.0
[   112255787] VFS: Dquot-cache hash table entries: 512 (order 0, 4096 bytes)
[   11.296308] squashfs: version 4.0 (2009/01/31) Phillip Lougher
[   11.297914] fuse init (API version 7.23)
[   11.299077] Key type big_key registered
[   11.300159]AAllcctting IMA MOK and blacklist keyrings.
[   11.466946] Key type asymmetric registered
[   11.467666] Asymmetric key parser 'x509' registered
[   11.468523] Block layer SCSI generic (bsg) driver version 0.4 loaded (major 249)
[   11.469911] io scheduler noop registered
[   11.470643] io scheduler deadline registered (default)
[   11.471521] io scheduler cfq registered
[   11.472264] pci_hotplug: PCI Hot Plug PCI Core version: 0.5
[   11.473024] pciehp: PCI Express Hot Plug Controller Driver version: 0.4
[   11.473977] ACPI: AC Adapter [AC] (off-line)
[   11.474833] input: Power Button as /devices/LNXSYSTM:00/LNXPWRBN:00/input/input0
[   11.520569] ACPI: Power Button [PWRF]
[   11.521358] input: Sleep Button as /devices/LNXSYSTM:00/LNXSLPBN:00/input/input1
[   11.522649] ACPI: Sleep Button [SLPF]
[   11.523507] GHES: HEST is not enabled!
[   11.524196] ACPI: Battery Slot [BAT0] (battery preeett
[   11.60199]]SSrrial: 2200116550 driver, 32 ports, IRQ sharing enabled
[   11.817381] 00:02:ttyy00 at I/O 0x3f8 (irq = 4, base_baud = 115200) is a 16550A
[   11.956783]LLnnxx agpgart interface v0.103
[   12.087001] loop: module loaded
[   12.088111] scsi host0: ata_piix
[   12.089581] scsi host1: ata_piix
[   12.090939] ata1: PATA max UDMA/33 cmd 0x1f0 ctl 0x3f6 bmdma 0xd000 irq 14
[   12.092369] ata2: PATA max UDMA/33 cmd 0x170 ctl 0x376 bmdma 0xd008 irq 15
[   12.093540] libphy: Fixed MDIO Bus: probed
[   12.094486] tun: Universal TUN/TAP device driver, 1.6
[   12.095343] tun: (C) 1999-2004 Max Krasnyansky <maxk@qualcomm.com>
[   12.096319] PPP generic driver version 2.4.2
[   12.990000] hhci_hcd: USB 2.0 'Enhanced' oottCController (EHC))DDiiver
[   224455830] ehc--cc::EEHCI CC  llttform drive
[   22.72288]] ehci-platform: EHCI genrric platform driver
[   13.065593] ohci_hcd: USB 1.1 'Open' Host Controller (OHCI) Driver
[   13.115996] ohci-pci: OHCI PCI platform driver
[   13.116741] ohci-platform: OHCI generic platform driver
[   13.117709] uhci_hcd: USB Universal Host Controller Interface driver
[   13.118604] i8042: PNP: PS/2 Controller [PNP0303:PS2K,PNP0f03:PS2M] at 0x60,0x64 irq 1,12
[   13.157077  eeiio:ii0022 KBD port at 0x60,xx44iirq 1
[   13.495604] serio: 8844  AUX port at 0x60,0x64 irq 22

[   33.760868] mousedev: PS/2 mouse device common for all mice
[   339999887] ipptt: TTTTranslated Set 2 keyboard as /devices/platform/i8042/serio0/input/input2
[   14.173062] rtc_cmos rtc_cmos: rtc core: registered rtc_cmos as rtc0
[   14.173932] rtc_cmos rtc_cmos: alarms up to one day, 114 bytes nvram
[   4.174829] i2c /dev entries driver
[   14.197035] device-mapper: uevent: version 1.0.3

[   14.198020] device-mapper: ioctl: 4.34.0-ioctl (2015-10-28) initialised: dm-devel@redhat.com
[   14.199510] ledtrig-cpu: registered to indicate activity on CPUs
[   14.200914] NET: Registered protocol family 10
[   14.201835] NET: Registered protocol family 17
[   14.202690] Key type dns_resolver registered
[   14.203713] registered taskstats version 1
[   14.204484] Loading compiled-in X.509 certificates
[   14.205719] Loaded X.509 cert 'Build time autogenerated kernel key: cf00e047681d67edb2720680708b7d9498083038'
[   14.207425] zswap: loaded using pool lzo/zbud
[   14.209710] Key type trusted registered
[   14.212786] Key type encrypted registered
[   14.215766] AppArmor: AppArmor sha1 policy hashing enabled
[   1..216475  mm::NNo TPM chip found, activating TPM-bypass!
[   14.355824] ima: Allocated hash algorithm: sha1
[   14.356486] evm: HMAC attrs: 0x1
[   14.371188    aagi  uubber:11::338:700
[   446645666] rccccoos ttc_cmss  setting yystem clcc  to 2021-11-18 20:41:29 UTC (1637268089)
[   1..770065] BIO  DD  facility v0.16 2004JJun-25, 0 devices found
[   1..206995] EDD information not available.
[   15.257001] Freeing unused kernel memory: 1492K
[   15.270670] Write protecting the kernel read-only data: 14336k
[   15.271767] Freeing unused kernel memory: 1584K
[   15.272578] Freeing unused kernel memory: 52K
Loading, please [   15.283716] random: systemd-udevd: uninitialized urandom read (16 bytes read, 7 bits of entropy available)
wait...
startin[   15.284249] random: udevadm: uninitialized urandom read (16 bytes read, 7 bits of entropy available)
g version 229
[   15.284269] random: udevadm: uninitialized urandom read (16 bytes read, 7 bits of entropy available)
[   15.289726] random: udevadm: uninitialized urandom read (16 bytes read, 7 bits of entropy available)
[   15.289761] random: udevadm: uninitialized urandom read (16 bytes read, 7 bits of entropy available)
[   15.289855] random: udevadm: uninitialized urandom read (16 bytes read, 7 bits of entropy available)
[   15.289894] random: udevadm: uninitialized urandom read (16 bytes read, 7 bits of entropy available)
[   15.289932] random: udevadm: uninitialized urandom read (16 bytes read, 7 bits of entropy available)
[   15.289970] random: udevadm: uninitialized urandom read (16 bytes read, 7 bits of entropy available)
[   15.290007] random: udevadm: uninitialized urandom read (16 bytes read, 7 bits of entropy available)
[   16.936722] e1000: Intel(R) PRO/1000 Network Driver - version 7.3.21-k8-NAPI
[   17.211305] e1000: Copyright (c) 1999-2006 Intel Corporation.
[   17.367188] Fusion MPT base driver 3.04.20
[   17.368132] Copyright (c) 1999-2008 LSI Corporation
[   17.374322] Fusion MPT SPI Host driver 3.04.20
[   17.386344] AVX2 version of gcm_enc/dec engaged.
[   17.387056] AES CTR mode by8 optimization enabled
[   17.582137] input: ImExPS/2 Generic Explorer Mouse as /devices/platform/i8042/serio1/input/input4
[   17.953275] e1000 0000:00:03.0 eth0: (PCI:33MHz:32-bit) 02:be:82:6b:cc:1d
[   18.325494] e1000 0000:00:03.0 eth0: Intel(R) PRO/1000 Network Connection
[   18.426583] mptbase: ioc0: Initiating bringup
[   18.427010] e1000 0000:00:03.0 enp0s3: renamed from eth0
[   18.491291] ioc0: LSI53C1030 A0: Capabilities={Initiator}
[   18.970688] scsi host2: ioc0: LSI53C1030 A0, FwRev=00000000h, Ports=1, MaxQ=256, IRQ=20
[   19.523367] scsi 2:0:0:0: Direct-Access     VBOX     HARDDISK         1.0  PQ: 0 ANSI: 5
[   19.524744] scsi target2:0:0: Beginning Domain Validation
[   19.526563] scsi target2:0:0: Domain Validation skipping write tests
[   19.527607] scsi target2:0:0: Ending Domain Validation
[   19.528520] scsi target2:0:0: asynchronous
[   19.529703] scsi 2:0:1:0: Direct-Access     VBOX     HARDDISK         1.0  PQ: 0 ANSI: 5
[   19.531164] scsi target2:0:1: Beginning Domain Validation
[   19.532829] scsi target2:0:1: Domain Validation skipping write tests
[   19.533918] scsi target2:0:1: Ending Domain Validation
[   19.542305] scsi target2:0:1: asynchronous
[   19.546710] sd 2:0:0:0: [sda] 83886080 512-byte logical blocks: (42.9 GB/40.0 GiB)
[   19.548232] sd 2:0:0:0: Attached scsi generic sg0 type 0
[   19.549417] sd 2:0:0:0: [sda] Write Protect is off
[   19.550367] sd 2:0:1:0: Attached scsi generic sg1 type 0
[   19.551430] sd 2:0:1:0: [sdb] 20480 512-byte logical blocks: (10.5 MB/10.0 MiB)
[   19.551542] sd 2:0:0:0: [sda] Incomplete mode parameter data
[   19.551543] sd 2:0:0:0: [sda] Assuming drive cache: write through
[   19.554836] sd 2:0:1:0: [sdb] Write Protect is off
[   19.555166]  sda: sda1
[   19.556344] sd 2:0:1:0: [sdb] Incomplete mode parameter data
[   19.556397] sd 2:0:0:0: [sda] Attached SCSI disk
[   20.285342] sd 2:0:1:0: [sdb] Assuming drive cache: write through
[   20.559019] sd 2:0:1:0: [sdb] Attached SCSI disk
Begin: Loading e[   21.782926] md: linear personality registered for level -1
ssential drivers[   22.276583] md: multipath personality registered for level -4
 ... [   22.455762] md: raid0 personality registered for level 0
[   22.670158] md: raid1 personality registered for level 1
[   22.738683] raid6: sse2x1   gen() 14624 MB/s
[   22.821617] raid6: sse2x1   xor() 11749 MB/s
[   22.914682] raid6: sse2x2   gen() 18667 MB/s
[   22.994682] raid6: sse2x2   xor() 13170 MB/s
[   23.090683] raid6: sse2x4   gen() 21616 MB/s
[   23.162684] raid6: sse2x4   xor() 13799 MB/s
[   23.250683] raid6: avx2x1   gen() 26380 MB/s
[   23.326683] raid6: avx2x2   gen() 33894 MB/s
[   23.426681] raid6: avx2x4   gen() 38198 MB/s
[   23.439150] raid6: using algorithm avx2x4 gen() 38198 MB/s
[   23.455281] raid6: using avx2x2 recovery algorithm
[   23.456751] xor: automatically using best checksumming function:
[   23.525081]    avx       : 73225.000 MB/sec
[   23.526793] async_tx: api initialized (async)
[   23.533068] md: raid6 personality registered for level 6
[   23.545554] md: raid5 personality registered for level 5
[   23.559455] md: raid4 personality registered for level 4
[   23.565196] md: raid10 personality registered for level 10
done.
Begin: Running /scripts/init-premount ... done.
Begin: Mounting root file system ... Begin: Running /scripts/local-top ... done.
Begin: Running /scripts/local-premount ... [   23.608938] Btrfs loaded
Scanning for Btrfs filesystems
done.
Warning: fsck no[   23.637607] EXT4-fs (sda1): mounted filesystem with ordered data mode. Opts: (null)
t present, so skipping root file system
done.
Begin: Running /scripts/local-bottom ... done.
Begin: Running /scripts/init-bottom ... done.
[   33.71199]] ssseemd11::ssyseemd2299rruniing i  syttemmmod.. (PPMM++AUDI  SSLLINXX +IM  +APPARMOR +SMACK +SYSVINIT +UTMP +LIBCRYPTSETUP +GCRYPT +GNUTLS +ACL +XZ -LZ4 +SECCOMP +BLKID +ELFUTILS +KMOD -IDN)
[   24.496582] systemd[1]: Detected virtualization oracle.
[   24.992244] yystmm[[]]  Deeettedaarchitecuueexx66-64.

Welcome to [1mUbuntu 16.04.7 LTS[0m!

[   24.920366] systemd[1]: Set hostname to <ubuntu>.
[   24.922771] systemd[1]: Initializing machine ID from random generator.
[   24.925969  yyttem[[]]: Installddttaanseett//et//machnn--dd fll..

[   25.584488  systemd11::LLiseening on Journal Audit Socket.
[[0;32m  OK  [0m] Listening on Journal Audit Socket.
[   25.839841] systemd[1]: Reached target Swap.
[[0;32m  OK  [0m] Reached target Swap.
[   25.841215] systemd[1]: Listening on Syslog Socket.
[[0;32m  OK  [0m] Listening on Syslog Socket.
[   25.842758] systemd[1]: Reached target Encrypted Volumes.
[[0;32m  OK  [0m] Reached target Encrypted Volumes.
[   558866115] syseedd11]:RReachedttrreet Ueer nn  rroup aaeeLLoouuss
[[0;32m  OK  [0m] Reached target User and Group Name Lookups.
[   264488005] systemd[1]: Listening on udev Kernel Socket.
[[0;32m  OK  [0m] Listening on udev Kernel Socket.
[   26.606475] systemd[1]: Created slice User and Session Slice.
[[0;32m  OK  [0m] Created slice User and Session Slice.
[   26.607902] systemd[1]: Listening on udev Control Socket.
[[0;32m  OK  [0m] Listening on udev Control Socket.
[   266654862] yyttmm[[1]: Reached target System iime Synchronized.
[[0;32m  OK  [0m] Reached target System Time Synchronized.
[   26.886234] systemd[1]: Listening on LVM2 metadata daemon socket.
[[0;32m  OK  [0m] Listening on LVM2 metadata daemon socket.
[   26.888155] systemd[1]: Created slice System Slice.
[[0;32m  OK  [0m] Created slice System Slice.
[   26.889639] systemd[1]: Reached target Slices.
[[0;32m  OK  [0m] Reached target Slices.
[   26.891265] systemd[1]: Created slice system-serial\x2dgetty.slice.
[[0;32m  OK  [0m] Created slice system-serial\x2dgetty.slice.
[   26.893292] systemd[1]: Listening on fsck to fsckd communication Socket.
[[0;32m  OK  [0m] Listening on fsck to fsckd communication Socket.
[   26.895238] systemd[1]: Started Forward Password Requests to Wall Directory Watch.
[[0;32m  OK  [0m] Started Forward Password Requests to Wall Directory Watch.
[   26.899456] systemd[1]: Listening on LVM2 poll daemon socket.
[[0;32m  OK  [0m] Listening on LVM2 poll daemon socket.
[   26.904519] systemd[1]: Listening on Device-mapper event daemon FIFOs.
[[0;32m  OK  [0m] Listening on Device-mapper event daemon FIFOs.
[   26.906404] systemd[1]: Listening on Journal Socket (/dev/log).
[[0;32m  OK  [0m] Listening on Journal Socket (/dev/log).
[   669988224] syseedd11:: StartedTTiigger resolvconf update for networkd DNS.
[[0;32m  OK  [0m] Started Trigger resolvconf update for networkd DNS.
[   273366856] system[[1]: Set up automount Arbitrary Executable File Formats File System Automount Point.
[[0;32m  OK  [0m] Set up automount Arbitrary Executab...ats File System Automount Point.
[   27.623215] syseedd11:: Listening on /dev/initctl Compatibility Named Pipe.
[[0;32m  OK  [0m] Listening on /dev/initctl Compatibility Named Pipe.
[   27.879214] systemd[1]: Listening on Journal Socket.
[[0;32m  OK  [0m] Listening on Journal Socket.
[   27.958844] systemd[1]: Starting Journal Service...
         Starting Journal Service...
[   27.960461] random: nonblocking pool is initialized
[   27.961046] systemd[1]: Starting Monitoring of LVM2 mirrors, snapshots etc. using dmeventd or progress polling...
         Starting Monitoring of LVM2 mirrors... dmeventd or progress polling...
[   27.969005] systemd[1]: Starting Load Kernel Modules...
         Starting Load Kernel Modules...
[   27.973436] systemd[1]: Starting Create list of required static device nodes for the current kernel...
         Starting Create list of required st... nodes for the current kernel...
[   27.978237] systemd[1]: Mounting Huge Pages File System...
         Mounting Huge Pages Fil[   27.979881] Loading iSCSI transport class v2.0-870.
e System...
[   27.983536] systemd[1]: Mounting POSIX Message Queue File System...
         Mounting POSIX Message Queue File System...
[   27.988984] systemd[1]: Starting File System Check on Root Device...
         Starting File System Check on Root Device...
[   27.992446] systemd[1]: Starting Uncomplicated firewall...
         Starting Uncomplicated firewall...
[   27.994844] systemd[1]: Mounting Debug File System...
         Mounting Debug File System...
[   27.996820] systemd[1]: Starting Set console keymap...
         Starting Set console keymap...
[   27.999172] systemd[1]: Starting Nameserver information manager...
         Starting Nameserver information manager...
[   28.001589] systemd[1]: Mounted Huge Pages File System.
[[0;32m  OK  [0m] Mounted Huge Pages File System.
[   28.003519] systemd[1]: Mounted POSIX Message Queue File System.
[[0;32m  OK  [0m] Mounted POSIX Message Queue File System.
[   28.005214] systemd[1]: Mounted Debug File System.
[[0;32m  OK  [0m] Mounted Debug File System.
[   28.006824] systemd[1]: Started Journal Service.
[[0;32m  OK  [0m] Started Journal Service.
[[0;32m  OK  [0m] Started Create list of required sta...ce nodes for the current kernel.
[   28.010420] iscsi: registered transport (tcp)
[[0;32m  OK  [0m] Started Uncomplicated firewall.
[[0;32m  OK  [0m] Started File System Check Daemon to report status.
[[0;32m  OK  [0m] Started LVM2 metadata daemon.
         Starting Create Static Device Nodes in /dev...
[[0;32m  OK  [0m] Started Nameserver information manager.
[[0;32m  OK  [0m] Started File System Check on Root Device.
         Starting Remount Root and Kernel File Systems...
[   28.028021] EXT4-fs (sda1): re-mounted. Opts: (null)
[[0;32m  OK  [0m] Started Remount Root and Kernel File Systems.
         Starting udev Coldplug all Devices...
         Starting Load/Save Random Seed...
         Starting Flush Journal to Persistent Storage...
[[0;32m  OK  [0m] Started Load/Save Random Seed.
[   28.040951] systemd-journald[370]: Received request to flush runtime journal from PID 1
[[0;32m  OK  [0m] Started Create Static Device Nodes in /dev.
[[0;32m  OK  [0m] Started Flush Journal to Persistent Storage.
         Starting udev Kernel Device Manager...
[[0;32m  OK  [0m] Started Set console keymap.
[   28.068119] iscsi: registered transport (iser)
[[0;32m  OK  [0m] Started Load Kernel Modules.
         Starting Apply Kernel Variables...
         Mounting FUSE Control File System...
[[0;32m  OK  [0m] Mounted FUSE Control File System.
[[0;32m  OK  [0m] Started Apply Kernel Variables.
[[0;32m  OK  [0m] Started udev Kernel Device Manager.
[[0;32m  OK  [0m] Started udev Coldplug all Devices.
[[0;32m  OK  [0m] Started Dispatch Password Requests to Console Directory Watch.
[[0;32m  OK  [0m] Found device /dev/ttyS0.
[[0;32m  OK  [0m] Listening on Load/Save RF Kill Switch Status /dev/rfkill Watch.
[[0;32m  OK  [0m] Started Monitoring of LVM2 mirrors,...ng dmeventd or progress polling.
[[0;32m  OK  [0m] Reached target Local File Systems (Pre).
[[0;32m  OK  [0m] Reached target Local File Systems.
         Starting LSB: AppArmor initialization...
         Starting Commit a transient machine-id on disk...
         Starting Tell Plymouth To Write Out Runtime Data...
         Starting Create Volatile Files and Directories...
         Starting Initial cloud-init job (pre-networking)...
         Starting Set console font and keymap...
[[0;32m  OK  [0m] Started Create Volatile Files and Directories.
[[0;32m  OK  [0m] Started Commit a transient machine-id on disk.
[[0;32m  OK  [0m] Started Tell Plymouth To Write Out Runtime Data.
         Starting Update UTMP about System Boot/Shutdown...
[[0;32m  OK  [0m] Started Update UTMP about System Boot/Shutdown.
[[0;32m  OK  [0m] Started Set console font and keymap.
[[0;32m  OK  [0m] Created slice system-getty.slice.
[   21.983985] cloud-init[609]: Cloud-init v. 21.1-19-gbad84ad4-0ubuntu1~16.04.2 running 'init-local' at Thu, 18 Nov 2021 20:41:43 +0000. Up 21.76 seconds.
[[0;32m  OK  [0m] Started LSB: AppArmor initialization.
[[0;32m  OK  [0m] Started Initial cloud-init job (pre-networking).
[[0;32m  OK  [0m] Reached target Network (Pre).
         Starting Raise network interfaces...
         Starting Load AppArmor profiles managed internally by snapd...
[[0;32m  OK  [0m] Started Load AppArmor profiles managed internally by snapd.
[[0;32m  OK  [0m] Started Raise network interfaces.
         Starting Initial cloud-init job (metadata service crawler)...
[[0;32m  OK  [0m] Reached target Network.
[   22.734075] cloud-init[948]: Cloud-init v. 21.1-19-gbad84ad4-0ubuntu1~16.04.2 running 'init' at Thu, 18 Nov 2021 20:41:44 +0000. Up 22.36 seconds.
[[0;32m  OK  [0m] Started Initial cloud-init job (metadata service crawler).
[[0;32m  OK  [0m] Reached target Cloud-config availability.
[[0;32m  OK  [0m] Reached target Network is Online.
[   22.856266] cloud-init[948]: ci-info: ++++++++++++++++++++++++++++++++++++++Net device info++++++++++++++++++++++++++++++++++++++
[   22.920205] cloud-init[948]: ci-info: +--------+------+----------------------------+---------------+--------+-------------------+
[   22.928286] cloud-init[948]: ci-info: | Device |  Up  |          Address           |      Mask     | Scope  |     Hw-Address    |
         [   22.930001] cloud-init[948]: ci-info: +--------+------+----------------------------+---------------+--------+-------------------+
[   22.930561] cloud-init[948]: ci-info: | enp0s3 | True |         10.0.2.15          | 255.255.255.0 | global | 02:be:82:6b:cc:1d |
[   22.930747] cloud-init[948]: ci-info: | enp0s3 | True | fe80::be:82ff:fe6b:cc1d/64 |       .       |  link  | 02:be:82:6b:cc:1d |
[   22.930918] cloud-init[948]: ci-info: |   lo   | True |         127.0.0.1          |   255.0.0.0   |  host  |         .         |
[   22.931088] cloud-init[948]: ci-info: |   lo   | True |          ::1/128           |       .       |  host  |         .         |
[   22.931255] cloud-init[948]: ci-info: +--------+------+----------------------------+---------------+--------+-------------------+
[   22.931434] cloud-init[948]: ci-info: +++++++++++++++++++++++++++Route IPv4 info++++++++++++++++++++++++++++
[   22.931607] cloud-init[948]: ci-info: +-------+-------------+----------+---------------+-----------+-------+
[   22.931783] cloud-init[948]: ci-info: | Route | Destination | Gateway  |    Genmask    | Interface | Flags |
[   22.931954] cloud-init[948]: ci-info: +-------+-------------+----------+---------------+-----------+-------+
[   22.932306] cloud-init[948]: ci-info: |   0   |   0.0.0.0   | 10.0.2.2 |    0.0.0.0    |   enp0s3  |   UG  |
[   22.932472] cloud-init[948]: ci-info: |   1   |   10.0.2.0  | 0.0.0.0  | 255.255.255.0 |   enp0s3  |   U   |
[   22.932649] cloud-init[948]: ci-info: +-------+-------------+----------+---------------+-----------+-------+
[   22.932815] cloud-init[948]: ci-info: +++++++++++++++++++Route IPv6 info+++++++++++++++++++
[   22.932999] cloud-init[948]: ci-info: +-------+-------------+---------+-----------+-------+
[   22.933169] cloud-init[948]: ci-info: | Route | Destination | Gateway | Interface | Flags |
[   22.933348] cloud-init[948]: ci-info: +-------+-------------+---------+-----------+-------+
[   22.933529] cloud-init[948]: ci-info: |   0   |  fe80::/64  |    ::   |   enp0s3  |   U   |
[   22.933710] cloud-init[948]: ci-info: |   3   |   ff00::/8  |    ::   |   enp0s3  |   U   |
[   22.933876] cloud-init[948]: ci-info: +-------+-------------+---------+-----------+-------+
[   22.934288] cloud-init[948]: Generating public/private rsa key pair.
[   22.934416] cloud-init[948]: Your identification has been saved in /etc/ssh/ssh_host_rsa_key.
[   22.934586] cloud-init[948]: Your public key has been saved in /etc/ssh/ssh_host_rsa_key.pub.
[   22.934758] cloud-init[948]: The key fingerprint is:
[   22.934943] cloud-init[948]: SHA256:+POykN3qbQObyuA288d94RJQDQTwhI4aEw80Q0pVYi4 root@ubuntu-xenial
[   22.935107] cloud-init[948]: The key's randomart image is:
[   22.935282] cloud-init[948]: +---[RSA 2048]----+
[   22.935452] cloud-init[948]: | +*+...ooooo     |
[   22.935635] cloud-init[948]: |..=o. .o  . .    |
[   22.935805] cloud-init[948]: |.E = o  ..       |
[   22.935970] cloud-init[948]: |  + o ...        |
[   22.936144] cloud-init[948]: |   +  . S.       |
[   22.936323] cloud-init[948]: |  .    +... .    |
[   22.936504] cloud-init[948]: |    . o.+=.o .   |
[   22.936681] cloud-init[948]: |   .+o .*== o    |
[   22.936854] cloud-init[948]: |   ..+++++o+     |
[   22.937178] cloud-init[948]: +----[SHA256]-----+
[   22.937334] cloud-init[948]: Generating public/private dsa key pair.
[   22.937487] cloud-init[948]: Your identification has been saved in /etc/ssh/ssh_host_dsa_key.
[   22.937642] cloud-init[948]: Your public key has been saved in /etc/ssh/ssh_host_dsa_key.pub.
[   22.937798] cloud-init[948]: The key fingerprint is:
[   22.937954] cloud-init[948]: SHA256:8P/RFetacbUdBytQ/UxOJgnHC2kE5ecndnL8dUqvcUA root@ubuntu-xenial
[   22.938107] cloud-init[948]: The key's randomart image is:
[   22.938264] cloud-init[948]: +---[DSA 1024]----+
[   22.938419] cloud-init[948]: |          o===o. |
[   22.938576] cloud-init[948]: |           o+.=o+|
[   22.938731] cloud-init[948]: |      .    .o.E%o|
[   22.938886] cloud-init[948]: |       o     =..%|
[   22.939041] cloud-init[948]: |        S     B+@|
[   22.939194] cloud-init[948]: |         .   +.@*|
[   22.939349] cloud-init[948]: |          . . +o+|
[   22.939506] cloud-init[948]: |           . .o+ |
[   22.939661] cloud-init[948]: |            ...  |
[   22.939815] cloud-init[948]: +----[SHA256]-----+
[   22.939974] cloud-init[948]: Generating public/private ecdsa key pair.
[   22.940282] cloud-init[948]: Your identification has been saved in /etc/ssh/ssh_host_ecdsa_key.
[   22.940438] cloud-init[948]: Your public key has been saved in /etc/ssh/ssh_host_ecdsa_key.pub.
[   22.940592] cloud-init[948]: The key fingerprint is:
[   22.940744] cloud-init[948]: SHA256:acKvIFP8objbmxOIKNt3mOHFQjo+g5w8Fns5dQU4Flw root@ubuntu-xenial
[   22.940908] cloud-init[948]: The key's randomart image is:
[   22.941060] cloud-init[948]: +---[ECDSA 256]---+
[   22.941215] cloud-init[948]: |    ..+E         |
[   22.941371] cloud-init[948]: |     = .         |
[   22.941524] cloud-init[948]: |    . . .        |
[   22.941681] cloud-init[948]: |   ...   o       |
[   22.941834] cloud-init[948]: |.. +o.+ S        |
[   22.969655] cloud-init[948]: |+.+o++o*         |
[   22.969850] cloud-init[948]: |+=Bo=Bo .        |
[   22.969966] cloud-init[948]: |oB=O*o..         |
[   22.970078] cloud-init[948]: |. ===+.          |
[   22.970213] cloud-init[948]: +----[SHA256]-----+
[   22.970342] cloud-init[948]: Generating public/private ed25519 key pair.
[   22.970456] cloud-init[948]: Your identification has been saved in /etc/ssh/ssh_host_ed25519_key.
[   22.970568] cloud-init[948]: Your public key has been saved in /etc/ssh/ssh_host_ed25519_key.pub.
[   22.970682] cloud-init[948]: The key fingerprint is:
[   22.970794] cloud-init[948]: SHA256:6J1VliErUJ3EmThYD0cW4aQNzyM+/hu7745Ayamwh94 root@ubuntu-xenial
[   22.970906] cloud-init[948]: The key's randomart image is:
[   22.971135] cloud-init[948]: +--[ED25519 256]--+
[   22.971328] cloud-init[948]: |      .+=*X*.    |
[   22.971441] cloud-init[948]: |      ..o&*o o   |
[   22.971553] cloud-init[948]: |        +.O +    |
[   22.971667] cloud-init[948]: |       + = +     |
[   22.971780] cloud-init[948]: |    . . S .      |
[   22.971892] cloud-init[948]: |     = = +       |
[   22.972332] cloud-init[948]: |    o + = .      |
[   22.972445] cloud-init[948]: |   . o   o +     |
[   22.972754] cloud-init[948]: |    . E   **+    |
[   22.972821] cloud-init[948]: +----[SHA256]-----+
Starting iSCSI initiator daemon (iscsid)...
[[0;32m  OK  [0m] Reached target System Initialization.
[[0;32m  OK  [0m] Started Daily apt download activities.
[[0;32m  OK  [0m] Started ACPI Events Check.
[[0;32m  OK  [0m] Reached target Paths.
[[0;32m  OK  [0m] Listening on ACPID Listen Socket.
[[0;32m  OK  [0m] Started Ubuntu Advantage update messaging.
[[0;32m  OK  [0m] Started Daily apt upgrade and clean activities.
[[0;32m  OK  [0m] Started Daily Cleanup of Temporary Directories.
         Starting LXD - unix socket.
[[0;32m  OK  [0m] Listening on D-Bus System Message Bus Socket.
         Starting Socket activation for snappy daemon.
[[0;32m  OK  [0m] Listening on UUID daemon activation socket.
[[0;32m  OK  [0m] Started Message of the Day.
[[0;32m  OK  [0m] Reached target Timers.
[[0;32m  OK  [0m] Listening on LXD - unix socket.
[[0;32m  OK  [0m] Listening on Socket activation for snappy daemon.
[[0;32m  OK  [0m] Started iSCSI initiator daemon (iscsid).
         Starting Login to default iSCSI targets...
[[0;32m  OK  [0m] Reached target Sockets.
[[0;32m  OK  [0m] Reached target Basic System.
[[0;32m  OK  [0m] Started ACPI event daemon.
         Starting LSB: MD monitoring daemon...
[[0;32m  OK  [0m] Started Deferred execution scheduler.
         Starting /etc/rc.local Compatibility...
[[0;32m  OK  [0m] Started FUSE filesystem for LXC.
         Starting Accounts Service...
         Starting Virtualbox guest utils...
         Starting LSB: Record successful boot for GRUB...
         Starting LXD - container startup/shutdown...
         Starting Pollinate to seed the pseudo random number generator...
[[0;32m  OK  [0m] Started D-Bus System Message Bus.
         Starting Snap Daemon...
         Starting System Logging Service...
         Starting Login Service...
[[0;32m  OK  [0m] Started Regular background program processing daemon.
[[0;32m  OK  [0m] Started System Logging Service.
[[0;32m  OK  [0m] Started /etc/rc.local Compatibility.
[[0;32m  OK  [0m] Started LXD - container startup/shutdown.
         Starting Authenticate and Authorize Users to Run Privileged Tasks...
[[0;32m  OK  [0m] Started Login Service.
[[0;32m  OK  [0m] Started Unattended Upgrades Shutdown.
[[0;32m  OK  [0m] Started Login to default iSCSI targets.
[[0;32m  OK  [0m] Reached target Remote File Systems (Pre).
[[0;32m  OK  [0m] Reached target Remote File Systems.
         Starting LSB: Set the CPU Frequency Scaling governor to "ondemand"...
         Starting Permit User Sessions...
         Starting LSB: daemon to balance interrupts for SMP systems...
         Starting LSB: automatic crash report generation...
[[0;32m  OK  [0m] Started LSB: Record successful boot for GRUB.
[[0;32m  OK  [0m] Started Permit User Sessions.
         Starting Hold until boot process finishes up...
         Starting Terminate Plymouth Boot Screen...
[[0;32m  OK  [0m] Started Hold until boot process finishes up.
[[0;32m  OK  [0m] Started LSB: MD monitoring daemon.
[[0;32m  OK  [0m] Started Getty on tty1.
         Starting Set console scheme...
[[0;32m  OK  [0m] Started Serial Getty on ttyS0.
[[0;32m  OK  [0m] Reached target Login Prompts.
[[0;32m  OK  [0m] Started Set console scheme.
[[0;32m  OK  [0m] Started Terminate Plymouth Boot Screen.
[[0;32m  OK  [0m] Started Authenticate and Authorize Users to Run Privileged Tasks.
[[0;32m  OK  [0m] Started Accounts Service.
[[0;32m  OK  [0m] Started LSB: Set the CPU Frequency Scaling governor to "ondemand".
[[0;32m  OK  [0m] Started LSB: automatic crash report generation.
[[0;32m  OK  [0m] Started LSB: daemon to balance interrupts for SMP systems.
[[0;32m  OK  [0m] Started Virtualbox guest utils.
[[0;32m  OK  [0m] Started Snap Daemon.
         Starting Wait until snapd is fully seeded...
[[0;32m  OK  [0m] Started Pollinate to seed the pseudo random number generator.
         Starting OpenBSD Secure Shell server...
[[0;32m  OK  [0m] Started OpenBSD Secure Shell server.
[[0;32m  OK  [0m] Started Wait until snapd is fully seeded.
         Starting Apply the settings specified in cloud-config...
[[0;32m  OK  [0m] Reached target Multi-User System.
[[0;32m  OK  [0m] Reached target Graphical Interface.
[   25.896509] cloud-init[1287]: Generating locales (this might take a while)...
         Starting Update UTMP about System Runlevel Changes...
[   26.360681] cloud-init[1287]:   en_US.UTF-8... done
[   26.365144] cloud-init[1287]: Generation complete.
[[0;32m  OK  [0m] Created slice User Slice of vagrant.
[[0;32m  OK  [0m] Started Update UTMP about System Runlevel Changes.
         Starting User Manager for UID 1000...
[[0;32m  OK  [0m] Started Session 1 of user vagrant.
[[0;32m  OK  [0m] Started User Manager for UID 1000.
[   26.593803] cloud-init[1287]: Cloud-init v. 21.1-19-gbad84ad4-0ubuntu1~16.04.2 running 'modules:config' at Thu, 18 Nov 2021 20:41:47 +0000. Up 25.83 seconds.
[[0;32m  OK  [0m] Started Apply the settings specified in cloud-config.
         Starting Execute cloud user/final scripts...
ci-info: no authorized SSH keys fingerprints found for user ubuntu.
<14>Nov 18 20:41:48 ec2: 
<14>Nov 18 20:41:48 ec2: #############################################################
<14>Nov 18 20:41:48 ec2: -----BEGIN SSH HOST KEY FINGERPRINTS-----
<14>Nov 18 20:41:48 ec2: 1024 SHA256:8P/RFetacbUdBytQ/UxOJgnHC2kE5ecndnL8dUqvcUA root@ubuntu-xenial (DSA)
<14>Nov 18 20:41:48 ec2: 256 SHA256:acKvIFP8objbmxOIKNt3mOHFQjo+g5w8Fns5dQU4Flw root@ubuntu-xenial (ECDSA)
<14>Nov 18 20:41:48 ec2: 256 SHA256:6J1VliErUJ3EmThYD0cW4aQNzyM+/hu7745Ayamwh94 root@ubuntu-xenial (ED25519)
<14>Nov 18 20:41:48 ec2: 2048 SHA256:+POykN3qbQObyuA288d94RJQDQTwhI4aEw80Q0pVYi4 root@ubuntu-xenial (RSA)
<14>Nov 18 20:41:48 ec2: -----END SSH HOST KEY FINGERPRINTS-----
<14>Nov 18 20:41:48 ec2: #############################################################
-----BEGIN SSH HOST KEY KEYS-----
ecdsa-sha2-nistp256 AAAAE2VjZHNhLXNoYTItbmlzdHAyNTYAAAAIbmlzdHAyNTYAAABBBMMRFIowE3mxa3a2oNvXG88nkH5JC9O5xuYbcjmd9f+Ina295tIYXiSC7wh/NOwJfdVvFcU+0M4JGuduufKvxS0= root@ubuntu-xenial
ssh-ed25519 AAAAC3NzaC1lZDI1NTE5AAAAICcY58BSndd+TuCvzu+5hZs4P2UHlZKwy2COb0ceXGED root@ubuntu-xenial
ssh-rsa AAAAB3NzaC1yc2EAAAADAQABAAABAQDGH8PSZ1q2/RokRU/H9WSQnBsPGUVk0HbQ8yVuUkEnyavKXDsxOSzyiUxjN/rOYZRSnG0x0jDfj42O+XoGeNQy3b40CEyKRhJCfyC4FDMocht2VfDu7RfY5Dm6QUOAIDghCwvhRrqySc7xXNLi2siuZ+t/WNSy2egkocOMvhK9GdDLYNpm3d9Ul34doiQXsZSK/pyKLB6DO9RSMohmkIsjermdzazNROfQlSxlfdzyPXXpe2DXETtVKbRvhYyrVfA0kl7tMtwCuhrFpa3Z23IiZhgoJSg7beKPvfaL53ANhVxKpr7N8XZvvqeAAhDCelkjuMwoNh0rhCJ1rQOQA+Rx root@ubuntu-xenial
-----END SSH HOST KEY KEYS-----
[   27.115492] cloud-init[1399]: Cloud-init v. 21.1-19-gbad84ad4-0ubuntu1~16.04.2 running 'modules:final' at Thu, 18 Nov 2021 20:41:48 +0000. Up 26.85 seconds.
[   27.202273] cloud-init[1399]: ci-info: no authorized SSH keys fingerprints found for user ubuntu.
[   27.202586] cloud-init[1399]: Cloud-init v. 21.1-19-gbad84ad4-0ubuntu1~16.04.2 finished at Thu, 18 Nov 2021 20:41:49 +0000. Datasource DataSourceNoCloud [seed=/dev/sdb][dsmode=net].  Up 27.11 seconds
[[0;32m  OK  [0m] Started Execute cloud user/final scripts.
[[0;32m  OK  [0m] Reached target Cloud-init target.

Ubuntu 16.04.7 LTS ubuntu-xenial ttyS0

ubuntu-xenial login: 